<?xml version="1.0" encoding="UTF-8"?>
<!-- Generated by org.testng.reporters.JUnitReportReporter -->
<testsuite skipped="0" hostname="LAPTOP-OAFIFDET" name="mavenproject.PriorityDemo" tests="4" failures="0" timestamp="2022-07-19T15:17:34 IST" time="0.038" errors="0">
  <testcase name="div" time="0.022" classname="mavenproject.PriorityDemo"/>
  <system-out/>
  <testcase name="sub" time="0.005" classname="mavenproject.PriorityDemo"/>
  <system-out/>
  <testcase name="multi" time="0.009" classname="mavenproject.PriorityDemo"/>
  <system-out/>
  <testcase name="add" time="0.002" classname="mavenproject.PriorityDemo"/>
  <system-out/>
</testsuite> <!-- mavenproject.PriorityDemo -->
