<?xml version="1.0" encoding="UTF-8"?>
<!-- Generated by org.testng.reporters.JUnitReportReporter -->
<testsuite skipped="0" hostname="LAPTOP-OAFIFDET" name="mavenproject.TaskWebShopProject" tests="1" failures="0" timestamp="2022-07-25T13:28:26 IST" time="0.018" errors="0">
  <testcase name="Register" time="0.018" classname="mavenproject.TaskWebShopProject"/>
  <system-out/>
</testsuite> <!-- mavenproject.TaskWebShopProject -->
