<?xml version="1.0" encoding="UTF-8"?>
<!-- Generated by org.testng.reporters.JUnitReportReporter -->
<testsuite skipped="0" hostname="LAPTOP-OAFIFDET" name="mavenproject.DemoGroupConcept" tests="1" failures="0" timestamp="2022-07-21T14:41:47 IST" time="14.913" errors="0">
  <testcase name="register1" time="14.913" classname="mavenproject.DemoGroupConcept"/>
  <system-out/>
</testsuite> <!-- mavenproject.DemoGroupConcept -->
